<?xml version="1.0" encoding="UTF-8"?>
<!-- Generated by org.testng.reporters.JUnitReportReporter -->
<testsuite skipped="0" hostname="LSTKAG230469" name="demoProject1.test.Suite1" tests="3" failures="0" timestamp="10 Dec 2019 23:43:53 GMT" time="6699.889" errors="0">
  <testcase name="testCase1" time="1808.304" classname="demoProject1.test.Suite1"/>
  <testcase name="testCase3" time="3084.645" classname="demoProject1.test.Suite1"/>
  <testcase name="testCase2" time="1806.940" classname="demoProject1.test.Suite1"/>
</testsuite> <!-- demoProject1.test.Suite1 -->
