<?xml version="1.0" encoding="UTF-8"?>
<!-- Generated by org.testng.reporters.JUnitReportReporter -->
<testsuite skipped="0" hostname="LSTKAG230469" name="demoProject1.test.Suite1" tests="3" failures="0" timestamp="09 Dec 2019 05:09:42 GMT" time="5.452" errors="0">
  <testcase name="testCase1" time="1.209" classname="demoProject1.test.Suite1"/>
  <testcase name="testCase2" time="2.800" classname="demoProject1.test.Suite1"/>
  <testcase name="testCase3" time="1.443" classname="demoProject1.test.Suite1"/>
</testsuite> <!-- demoProject1.test.Suite1 -->
